E-Ink Reader: Full Continuity, No Truncation, Exact Page History
Loaded 220639 bytes from /home/pi/ebook-reader/src/tools/books/A Bundle of Ballads.txt
First display: full clear
Debug: e-Paper busy
Debug: e-Paper busy release
Debug: e-Paper busy
Debug: e-Paper busy release
Debug: e-Paper busy
Debug: e-Paper busy release
Reader started. Books: 3
[EYE] Key pressed: 109 (KEY_PAGEDOWN)
Debug: e-Paper busy
Debug: e-Paper busy release
Next page from offset 294
[EYE] Key pressed: 104 (KEY_PAGEUP)
Debug: e-Paper busy
Debug: e-Paper busy release
Back to page at offset 0
[EYE] Key pressed: 104 (KEY_PAGEUP)
Debug: e-Paper busy
Debug: e-Paper busy release
Back to page at offset 0
[EYE] Key pressed: 109 (KEY_PAGEDOWN)
Debug: e-Paper busy
Debug: e-Paper busy release
Next page from offset 294
[EYE] Key pressed: 109 (KEY_PAGEDOWN)
Debug: e-Paper busy
Debug: e-Paper busy release
Next page from offset 597
[EYE] Key pressed: 104 (KEY_PAGEUP)
Debug: e-Paper busy
Debug: e-Paper busy release
Back to page at offset 294
[EYE] Key pressed: 109 (KEY_PAGEDOWN)
Debug: e-Paper busy
Debug: e-Paper busy release
Next page from offset 597
[EYE] Key pressed: 109 (KEY_PAGEDOWN)
Debug: e-Paper busy
Debug: e-Paper busy release
Next page from offset 802
[EYE] Key pressed: 412 (KEY_PREVIOUS)
Loaded 323101 bytes from /home/pi/ebook-reader/src/tools/books/A Book of Scoundrels.txt
First display: full clear
Debug: e-Paper busy
Debug: e-Paper busy release
Debug: e-Paper busy
Debug: e-Paper busy release
Debug: e-Paper busy
Debug: e-Paper busy release
Switched to book [2]: /home/pi/ebook-reader/src/tools/books/A Book of Scoundrels.txt
[EYE] Key pressed: 109 (KEY_PAGEDOWN)
Debug: e-Paper busy
Debug: e-Paper busy release
Next page from offset 754
[EYE] Key pressed: 109 (KEY_PAGEDOWN)
Debug: e-Paper busy
Debug: e-Paper busy release
Next page from offset 2164
[EYE] Key pressed: 104 (KEY_PAGEUP)
Debug: e-Paper busy
Debug: e-Paper busy release
Back to page at offset 754
[EYE] Key pressed: 109 (KEY_PAGEDOWN)
Debug: e-Paper busy
Debug: e-Paper busy release
Next page from offset 2164
[EYE] Key pressed: 104 (KEY_PAGEUP)
Debug: e-Paper busy

Handler:exit
